src/routes/capsule.ts(2,39): error TS2305: Module '"@prisma/client"' has no exported member 'SourceType'.
src/routes/capsule.ts(33,9): error TS2353: Object literal may only specify known properties, and 'originalContent' does not exist in type '(Without<CapsuleCreateInput, CapsuleUncheckedCreateInput> & CapsuleUncheckedCreateInput) | (Without<...> & CapsuleCreateInput)'.
src/routes/capsule.ts(138,9): error TS2353: Object literal may only specify known properties, and 'structuredData' does not exist in type '(Without<CapsuleUpdateInput, CapsuleUncheckedUpdateInput> & CapsuleUncheckedUpdateInput) | (Without<...> & CapsuleUpdateInput)'.
src/routes/capsule.ts(171,9): error TS2353: Object literal may only specify known properties, and 'structuredData' does not exist in type '(Without<CapsuleUpdateInput, CapsuleUncheckedUpdateInput> & CapsuleUncheckedUpdateInput) | (Without<...> & CapsuleUpdateInput)'.
src/routes/entities.ts(23,9): error TS2353: Object literal may only specify known properties, and 'name_type' does not exist in type 'EntityWhereUniqueInput'.
src/routes/entities.ts(29,9): error TS2353: Object literal may only specify known properties, and 'capsules' does not exist in type 'EntityInclude<DefaultArgs>'.
src/routes/entities.ts(45,12): error TS2339: Property 'capsules' does not exist on type '{ id: string; confidenceScore: number; createdAt: Date; updatedAt: Date; type: string; canonicalName: string; normalizedName: string; description: string | null; firstSeenAt: Date; lastSeenAt: Date; mentionCount: number; }'.
src/routes/entities.ts(68,22): error TS2339: Property 'name' does not exist on type '{ id: string; confidenceScore: number; createdAt: Date; updatedAt: Date; type: string; canonicalName: string; normalizedName: string; description: string | null; firstSeenAt: Date; lastSeenAt: Date; mentionCount: number; }'.
src/routes/entities.ts(70,30): error TS2339: Property 'capsules' does not exist on type '{ id: string; confidenceScore: number; createdAt: Date; updatedAt: Date; type: string; canonicalName: string; normalizedName: string; description: string | null; firstSeenAt: Date; lastSeenAt: Date; mentionCount: number; }'.
src/routes/entities.ts(71,29): error TS2339: Property 'capsules' does not exist on type '{ id: string; confidenceScore: number; createdAt: Date; updatedAt: Date; type: string; canonicalName: string; normalizedName: string; description: string | null; firstSeenAt: Date; lastSeenAt: Date; mentionCount: number; }'.
src/routes/entities.ts(71,45): error TS2339: Property 'capsules' does not exist on type '{ id: string; confidenceScore: number; createdAt: Date; updatedAt: Date; type: string; canonicalName: string; normalizedName: string; description: string | null; firstSeenAt: Date; lastSeenAt: Date; mentionCount: number; }'.
src/routes/entities.ts(72,31): error TS2339: Property 'capsules' does not exist on type '{ id: string; confidenceScore: number; createdAt: Date; updatedAt: Date; type: string; canonicalName: string; normalizedName: string; description: string | null; firstSeenAt: Date; lastSeenAt: Date; mentionCount: number; }'.
src/routes/entities.ts(97,9): error TS2353: Object literal may only specify known properties, and 'name_type' does not exist in type 'EntityWhereUniqueInput'.
src/routes/entities.ts(103,9): error TS2353: Object literal may only specify known properties, and 'capsules' does not exist in type 'EntityInclude<DefaultArgs>'.
src/routes/entities.ts(117,20): error TS2339: Property 'name' does not exist on type '{ id: string; confidenceScore: number; createdAt: Date; updatedAt: Date; type: string; canonicalName: string; normalizedName: string; description: string | null; firstSeenAt: Date; lastSeenAt: Date; mentionCount: number; }'.
src/routes/entities.ts(120,28): error TS2339: Property 'capsules' does not exist on type '{ id: string; confidenceScore: number; createdAt: Date; updatedAt: Date; type: string; canonicalName: string; normalizedName: string; description: string | null; firstSeenAt: Date; lastSeenAt: Date; mentionCount: number; }'.
src/routes/entities.ts(121,30): error TS2339: Property 'capsules' does not exist on type '{ id: string; confidenceScore: number; createdAt: Date; updatedAt: Date; type: string; canonicalName: string; normalizedName: string; description: string | null; firstSeenAt: Date; lastSeenAt: Date; mentionCount: number; }'.
src/routes/entities.ts(155,10): error TS2305: Module '"@prisma/client"' has no exported member 'RelationshipType'.
src/routes/graph.ts(3,10): error TS2305: Module '"@prisma/client"' has no exported member 'RelationshipType'.
src/routes/ingest.ts(2,39): error TS2305: Module '"@prisma/client"' has no exported member 'SourceType'.
src/routes/ingest.ts(25,9): error TS2561: Object literal may only specify known properties, but 'sourceType' does not exist in type '(Without<CapsuleCreateInput, CapsuleUncheckedCreateInput> & CapsuleUncheckedCreateInput) | (Without<...> & CapsuleCreateInput)'. Did you mean to write 'sourceTypes'?
src/routes/timeline.ts(32,9): error TS2353: Object literal may only specify known properties, and 'entities' does not exist in type 'CapsuleInclude<DefaultArgs>'.
src/routes/timeline.ts(42,15): error TS2551: Property 'sourceType' does not exist on type '{ id: string; rawContent: string | null; summary: string | null; sourceTypes: string[]; contextScope: string | null; confidenceScore: number | null; createdAt: Date; updatedAt: Date; status: CapsuleStatus; isSanitized: boolean; }'. Did you mean 'sourceTypes'?
src/routes/timeline.ts(42,36): error TS2551: Property 'sourceType' does not exist on type '{ id: string; rawContent: string | null; summary: string | null; sourceTypes: string[]; contextScope: string | null; confidenceScore: number | null; createdAt: Date; updatedAt: Date; status: CapsuleStatus; isSanitized: boolean; }'. Did you mean 'sourceTypes'?
src/routes/timeline.ts(58,23): error TS2551: Property 'sourceType' does not exist on type '{ id: string; rawContent: string | null; summary: string | null; sourceTypes: string[]; contextScope: string | null; confidenceScore: number | null; createdAt: Date; updatedAt: Date; status: CapsuleStatus; isSanitized: boolean; }'. Did you mean 'sourceTypes'?
src/routes/timeline.ts(59,19): error TS2339: Property 'structuredData' does not exist on type '{ id: string; rawContent: string | null; summary: string | null; sourceTypes: string[]; contextScope: string | null; confidenceScore: number | null; createdAt: Date; updatedAt: Date; status: CapsuleStatus; isSanitized: boolean; }'.
src/routes/timeline.ts(60,21): error TS2339: Property 'structuredData' does not exist on type '{ id: string; rawContent: string | null; summary: string | null; sourceTypes: string[]; contextScope: string | null; confidenceScore: number | null; createdAt: Date; updatedAt: Date; status: CapsuleStatus; isSanitized: boolean; }'.
src/routes/timeline.ts(61,21): error TS2339: Property 'entities' does not exist on type '{ id: string; rawContent: string | null; summary: string | null; sourceTypes: string[]; contextScope: string | null; confidenceScore: number | null; createdAt: Date; updatedAt: Date; status: CapsuleStatus; isSanitized: boolean; }'.
src/routes/timeline.ts(93,18): error TS2353: Object literal may only specify known properties, and 'entities' does not exist in type 'CapsuleInclude<DefaultArgs>'.
src/routes/timeline.ts(103,19): error TS2339: Property 'structuredData' does not exist on type '{ id: string; rawContent: string | null; summary: string | null; sourceTypes: string[]; contextScope: string | null; confidenceScore: number | null; createdAt: Date; updatedAt: Date; status: CapsuleStatus; isSanitized: boolean; }'.
src/routes/timeline.ts(104,21): error TS2339: Property 'entities' does not exist on type '{ id: string; rawContent: string | null; summary: string | null; sourceTypes: string[]; contextScope: string | null; confidenceScore: number | null; createdAt: Date; updatedAt: Date; status: CapsuleStatus; isSanitized: boolean; }'.
src/services/deduplication.ts(25,16): error TS2353: Object literal may only specify known properties, and 'contentHash' does not exist in type 'CapsuleWhereUniqueInput'.
src/services/deduplication.ts(27,9): error TS2353: Object literal may only specify known properties, and 'entities' does not exist in type 'CapsuleInclude<DefaultArgs>'.
src/services/deduplication.ts(80,9): error TS2353: Object literal may only specify known properties, and 'similarTo' does not exist in type '(Without<CapsuleUpdateInput, CapsuleUncheckedUpdateInput> & CapsuleUncheckedUpdateInput) | (Without<...> & CapsuleUpdateInput)'.
src/services/deduplication.ts(94,16): error TS2353: Object literal may only specify known properties, and 'similarTo' does not exist in type 'CapsuleWhereInput'.
src/services/deduplication.ts(98,9): error TS2353: Object literal may only specify known properties, and 'similarityScore' does not exist in type 'CapsuleSelect<DefaultArgs>'.
src/services/deduplication.ts(107,9): error TS2353: Object literal may only specify known properties, and 'similarTo' does not exist in type 'CapsuleSelect<DefaultArgs>'.
src/services/deduplication.ts(116,18): error TS2339: Property 'similarTo' does not exist on type '{ id: string; rawContent: string | null; summary: string | null; sourceTypes: string[]; contextScope: string | null; confidenceScore: number | null; createdAt: Date; updatedAt: Date; status: CapsuleStatus; isSanitized: boolean; }'.
src/services/deduplication.ts(118,30): error TS2339: Property 'similarTo' does not exist on type '{ id: string; rawContent: string | null; summary: string | null; sourceTypes: string[]; contextScope: string | null; confidenceScore: number | null; createdAt: Date; updatedAt: Date; status: CapsuleStatus; isSanitized: boolean; }'.
src/services/deduplication.ts(122,11): error TS2353: Object literal may only specify known properties, and 'structuredData' does not exist in type 'CapsuleSelect<DefaultArgs>'.
src/services/deduplication.ts(128,34): error TS2339: Property 'similarityScore' does not exist on type '{ id: string; rawContent: string | null; summary: string | null; sourceTypes: string[]; contextScope: string | null; confidenceScore: number | null; createdAt: Date; updatedAt: Date; status: CapsuleStatus; isSanitized: boolean; }'.
src/services/feedback.ts(60,9): error TS2353: Object literal may only specify known properties, and 'feedbackCount' does not exist in type '(Without<CapsuleUpdateInput, CapsuleUncheckedUpdateInput> & CapsuleUncheckedUpdateInput) | (Without<...> & CapsuleUpdateInput)'.
src/services/feedback.ts(84,9): error TS2353: Object literal may only specify known properties, and 'feedbackCount' does not exist in type 'CapsuleSelect<DefaultArgs>'.
src/services/feedback.ts(97,31): error TS2339: Property 'feedbackCount' does not exist on type '{ id: string; rawContent: string | null; summary: string | null; sourceTypes: string[]; contextScope: string | null; confidenceScore: number | null; createdAt: Date; updatedAt: Date; status: CapsuleStatus; isSanitized: boolean; }'.
src/services/feedback.ts(99,30): error TS2339: Property 'qualityScore' does not exist on type '{ id: string; rawContent: string | null; summary: string | null; sourceTypes: string[]; contextScope: string | null; confidenceScore: number | null; createdAt: Date; updatedAt: Date; status: CapsuleStatus; isSanitized: boolean; }'.
src/services/feedback.ts(121,9): error TS2353: Object literal may only specify known properties, and 'qualityScore' does not exist in type '(Without<CapsuleUpdateInput, CapsuleUncheckedUpdateInput> & CapsuleUncheckedUpdateInput) | (Without<...> & CapsuleUpdateInput)'.
src/services/feedback.ts(206,9): error TS2353: Object literal may only specify known properties, and 'feedbackCount' does not exist in type 'CapsuleWhereInput'.
src/services/feedback.ts(210,9): error TS2353: Object literal may only specify known properties, and 'qualityScore' does not exist in type 'CapsuleSelect<DefaultArgs>'.
src/services/feedback.ts(220,37): error TS2339: Property 'qualityScore' does not exist on type '{ id: string; rawContent: string | null; summary: string | null; sourceTypes: string[]; contextScope: string | null; confidenceScore: number | null; createdAt: Date; updatedAt: Date; status: CapsuleStatus; isSanitized: boolean; }'.
src/services/feedback.ts(246,9): error TS2353: Object literal may only specify known properties, and 'feedbackCount' does not exist in type 'CapsuleWhereInput'.
src/services/feedback.ts(255,18): error TS2353: Object literal may only specify known properties, and 'qualityScore' does not exist in type 'CapsuleOrderByWithRelationInput | CapsuleOrderByWithRelationInput[]'.
src/services/feedback.ts(261,17): error TS2339: Property 'structuredData' does not exist on type '{ id: string; rawContent: string | null; summary: string | null; sourceTypes: string[]; contextScope: string | null; confidenceScore: number | null; createdAt: Date; updatedAt: Date; status: CapsuleStatus; isSanitized: boolean; }'.
src/services/feedback.ts(262,21): error TS2551: Property 'sourceType' does not exist on type '{ id: string; rawContent: string | null; summary: string | null; sourceTypes: string[]; contextScope: string | null; confidenceScore: number | null; createdAt: Date; updatedAt: Date; status: CapsuleStatus; isSanitized: boolean; }'. Did you mean 'sourceTypes'?
src/services/feedback.ts(263,23): error TS2339: Property 'qualityScore' does not exist on type '{ id: string; rawContent: string | null; summary: string | null; sourceTypes: string[]; contextScope: string | null; confidenceScore: number | null; createdAt: Date; updatedAt: Date; status: CapsuleStatus; isSanitized: boolean; }'.
src/services/feedback.ts(264,24): error TS2339: Property 'feedbackCount' does not exist on type '{ id: string; rawContent: string | null; summary: string | null; sourceTypes: string[]; contextScope: string | null; confidenceScore: number | null; createdAt: Date; updatedAt: Date; status: CapsuleStatus; isSanitized: boolean; }'.
src/services/feedback.ts(265,25): error TS2339: Property 'feedback' does not exist on type '{ id: string; rawContent: string | null; summary: string | null; sourceTypes: string[]; contextScope: string | null; confidenceScore: number | null; createdAt: Date; updatedAt: Date; status: CapsuleStatus; isSanitized: boolean; }'.
src/services/relationship.ts(1,24): error TS2305: Module '"@prisma/client"' has no exported member 'RelationshipType'.
src/services/relationship.ts(31,13): error TS2353: Object literal may only specify known properties, and 'name_type' does not exist in type 'EntityWhereUniqueInput'.
src/services/relationship.ts(37,13): error TS2353: Object literal may only specify known properties, and 'name' does not exist in type '(Without<EntityCreateInput, EntityUncheckedCreateInput> & EntityUncheckedCreateInput) | (Without<...> & EntityCreateInput)'.
src/services/relationship.ts(45,13): error TS2353: Object literal may only specify known properties, and 'name_type' does not exist in type 'EntityWhereUniqueInput'.
src/services/relationship.ts(51,13): error TS2353: Object literal may only specify known properties, and 'name' does not exist in type '(Without<EntityCreateInput, EntityUncheckedCreateInput> & EntityUncheckedCreateInput) | (Without<...> & EntityCreateInput)'.
src/services/relationship.ts(65,43): error TS2551: Property 'relationship' does not exist on type 'PrismaClient<PrismaClientOptions, never, DefaultArgs>'. Did you mean 'relation'?
src/services/relationship.ts(129,40): error TS2551: Property 'relationship' does not exist on type 'PrismaClient<PrismaClientOptions, never, DefaultArgs>'. Did you mean 'relation'?
src/services/relationship.ts(194,42): error TS2551: Property 'relationship' does not exist on type 'PrismaClient<PrismaClientOptions, never, DefaultArgs>'. Did you mean 'relation'?
src/services/relationship.ts(275,42): error TS2551: Property 'relationship' does not exist on type 'PrismaClient<PrismaClientOptions, never, DefaultArgs>'. Did you mean 'relation'?
src/services/relationship.ts(302,45): error TS2551: Property 'relationship' does not exist on type 'PrismaClient<PrismaClientOptions, never, DefaultArgs>'. Did you mean 'relation'?
src/services/relationship.ts(305,33): error TS2551: Property 'relationship' does not exist on type 'PrismaClient<PrismaClientOptions, never, DefaultArgs>'. Did you mean 'relation'?
src/services/relationship.ts(365,36): error TS2551: Property 'relationship' does not exist on type 'PrismaClient<PrismaClientOptions, never, DefaultArgs>'. Did you mean 'relation'?
src/services/relationship.ts(384,36): error TS2551: Property 'relationship' does not exist on type 'PrismaClient<PrismaClientOptions, never, DefaultArgs>'. Did you mean 'relation'?
src/services/search.ts(139,9): error TS2353: Object literal may only specify known properties, and 'entities' does not exist in type 'CapsuleInclude<DefaultArgs>'.
src/services/search.ts(149,19): error TS2339: Property 'structuredData' does not exist on type '{ id: string; rawContent: string | null; summary: string | null; sourceTypes: string[]; contextScope: string | null; confidenceScore: number | null; createdAt: Date; updatedAt: Date; status: CapsuleStatus; isSanitized: boolean; }'.
src/services/search.ts(150,21): error TS2339: Property 'structuredData' does not exist on type '{ id: string; rawContent: string | null; summary: string | null; sourceTypes: string[]; contextScope: string | null; confidenceScore: number | null; createdAt: Date; updatedAt: Date; status: CapsuleStatus; isSanitized: boolean; }'.
src/services/search.ts(151,23): error TS2551: Property 'sourceType' does not exist on type '{ id: string; rawContent: string | null; summary: string | null; sourceTypes: string[]; contextScope: string | null; confidenceScore: number | null; createdAt: Date; updatedAt: Date; status: CapsuleStatus; isSanitized: boolean; }'. Did you mean 'sourceTypes'?
src/services/search.ts(154,24): error TS2339: Property 'originalContent' does not exist on type '{ id: string; rawContent: string | null; summary: string | null; sourceTypes: string[]; contextScope: string | null; confidenceScore: number | null; createdAt: Date; updatedAt: Date; status: CapsuleStatus; isSanitized: boolean; }'.
src/worker/index.ts(129,60): error TS2551: Property 'sourceType' does not exist on type '{ id: string; rawContent: string | null; summary: string | null; sourceTypes: string[]; contextScope: string | null; confidenceScore: number | null; createdAt: Date; updatedAt: Date; status: CapsuleStatus; isSanitized: boolean; }'. Did you mean 'sourceTypes'?
src/worker/index.ts(153,19): error TS2339: Property 'originalContent' does not exist on type '{ id: string; rawContent: string | null; summary: string | null; sourceTypes: string[]; contextScope: string | null; confidenceScore: number | null; createdAt: Date; updatedAt: Date; status: CapsuleStatus; isSanitized: boolean; }'.
src/worker/index.ts(156,19): error TS2339: Property 'originalContent' does not exist on type '{ id: string; rawContent: string | null; summary: string | null; sourceTypes: string[]; contextScope: string | null; confidenceScore: number | null; createdAt: Date; updatedAt: Date; status: CapsuleStatus; isSanitized: boolean; }'.
src/worker/index.ts(162,19): error TS2353: Object literal may only specify known properties, and 'originalContent' does not exist in type '(Without<CapsuleUpdateInput, CapsuleUncheckedUpdateInput> & CapsuleUncheckedUpdateInput) | (Without<...> & CapsuleUpdateInput)'.
src/worker/index.ts(162,44): error TS2339: Property 'originalContent' does not exist on type '{ id: string; rawContent: string | null; summary: string | null; sourceTypes: string[]; contextScope: string | null; confidenceScore: number | null; createdAt: Date; updatedAt: Date; status: CapsuleStatus; isSanitized: boolean; }'.
src/worker/index.ts(169,17): error TS2339: Property 'originalContent' does not exist on type '{ id: string; rawContent: string | null; summary: string | null; sourceTypes: string[]; contextScope: string | null; confidenceScore: number | null; createdAt: Date; updatedAt: Date; status: CapsuleStatus; isSanitized: boolean; }'.
src/worker/index.ts(173,18): error TS2339: Property 'originalContent' does not exist on type '{ id: string; rawContent: string | null; summary: string | null; sourceTypes: string[]; contextScope: string | null; confidenceScore: number | null; createdAt: Date; updatedAt: Date; status: CapsuleStatus; isSanitized: boolean; }'.
src/worker/index.ts(179,59): error TS2339: Property 'originalContent' does not exist on type '{ id: string; rawContent: string | null; summary: string | null; sourceTypes: string[]; contextScope: string | null; confidenceScore: number | null; createdAt: Date; updatedAt: Date; status: CapsuleStatus; isSanitized: boolean; }'.
src/worker/index.ts(209,78): error TS2339: Property 'originalContent' does not exist on type '{ id: string; rawContent: string | null; summary: string | null; sourceTypes: string[]; contextScope: string | null; confidenceScore: number | null; createdAt: Date; updatedAt: Date; status: CapsuleStatus; isSanitized: boolean; }'.
src/worker/index.ts(231,17): error TS2551: Property 'sourceType' does not exist on type '{ id: string; rawContent: string | null; summary: string | null; sourceTypes: string[]; contextScope: string | null; confidenceScore: number | null; createdAt: Date; updatedAt: Date; status: CapsuleStatus; isSanitized: boolean; }'. Did you mean 'sourceTypes'?
src/worker/index.ts(238,63): error TS2339: Property 'originalContent' does not exist on type '{ id: string; rawContent: string | null; summary: string | null; sourceTypes: string[]; contextScope: string | null; confidenceScore: number | null; createdAt: Date; updatedAt: Date; status: CapsuleStatus; isSanitized: boolean; }'.
src/worker/index.ts(309,64): error TS2339: Property 'originalContent' does not exist on type '{ id: string; rawContent: string | null; summary: string | null; sourceTypes: string[]; contextScope: string | null; confidenceScore: number | null; createdAt: Date; updatedAt: Date; status: CapsuleStatus; isSanitized: boolean; }'.
src/worker/index.ts(310,55): error TS2339: Property 'originalContent' does not exist on type '{ id: string; rawContent: string | null; summary: string | null; sourceTypes: string[]; contextScope: string | null; confidenceScore: number | null; createdAt: Date; updatedAt: Date; status: CapsuleStatus; isSanitized: boolean; }'.
src/worker/index.ts(365,15): error TS2353: Object literal may only specify known properties, and 'name_type' does not exist in type 'EntityWhereUniqueInput'.
src/worker/index.ts(372,15): error TS2353: Object literal may only specify known properties, and 'name' does not exist in type '(Without<EntityCreateInput, EntityUncheckedCreateInput> & EntityUncheckedCreateInput) | (Without<...> & EntityCreateInput)'.
src/worker/index.ts(381,15): error TS2353: Object literal may only specify known properties, and 'entities' does not exist in type '(Without<CapsuleUpdateInput, CapsuleUncheckedUpdateInput> & CapsuleUncheckedUpdateInput) | (Without<...> & CapsuleUpdateInput)'.
